<?xml version="1.0" encoding="UTF-8"?>
<!-- Generated by org.testng.reporters.JUnitReportReporter -->
<testsuite hostname="DESKTOP-GLJ2ICN" name="Tests.TestForLogin" tests="2" failures="0" timestamp="16 Mar 2020 14:13:35 GMT" time="25.388" errors="0">
  <testcase name="loginTest" time="14.609" classname="Tests.TestForLogin"/>
  <testcase name="loginTest" time="10.779" classname="Tests.TestForLogin"/>
</testsuite> <!-- Tests.TestForLogin -->
