<?xml version="1.0" encoding="UTF-8"?>
<!-- Generated by org.testng.reporters.JUnitReportReporter -->
<testsuite hostname="DESKTOP-GLJ2ICN" name="Tests.TestForRegistration" tests="2" failures="0" timestamp="17 Mar 2020 07:25:07 GMT" time="37.636" errors="0">
  <testcase name="loginTest" time="19.788" classname="Tests.TestForRegistration"/>
  <testcase name="loginTest" time="17.848" classname="Tests.TestForRegistration"/>
</testsuite> <!-- Tests.TestForRegistration -->
